<?xml version="1.0" encoding="UTF-8"?>
<testng-results skipped="0" failed="1" ignored="10" total="18" passed="7">
  <reporter-output>
    <line>
      <![CDATA[Test testValidRegister is PASS]]>
    </line>
    <line>
      <![CDATA[Test testValidSignin is PASS]]>
    </line>
    <line>
      <![CDATA[Test testValidFindFlight is PASS]]>
    </line>
    <line>
      <![CDATA[Test testValidSelectFlight is PASS]]>
    </line>
    <line>
      <![CDATA[Test testValidBookFlight is PASS]]>
    </line>
    <line>
      <![CDATA[Test testValidFlightConfirm is PASS]]>
    </line>
    <line>
      <![CDATA[Test testInvalidRegister is FAIL/SKIP]]>
    </line>
    <line>
      <![CDATA[UN:ankushshetty12  PW:]]>
    </line>
    <line>
      <![CDATA[UN:  PW:ashetty12]]>
    </line>
    <line>
      <![CDATA[UN:abcd  PW:1234]]>
    </line>
    <line>
      <![CDATA[Test testInValidSignin is PASS]]>
    </line>
  </reporter-output>
  <suite name="Suite" duration-ms="107649" started-at="2020-05-26T08:59:42Z" finished-at="2020-05-26T09:01:29Z">
    <groups>
    </groups>
    <test name="Test1" duration-ms="72527" started-at="2020-05-26T08:59:42Z" finished-at="2020-05-26T09:00:54Z">
      <class name="script.ValidSignin">
        <test-method status="PASS" signature="openApp()[pri:0, instance:script.ValidSignin@29774679]" name="openApp" is-config="true" duration-ms="9139" started-at="2020-05-26T08:59:42Z" finished-at="2020-05-26T08:59:51Z">
          <reporter-output>
          </reporter-output>
        </test-method> <!-- openApp -->
        <test-method status="PASS" signature="testValidSignin()[pri:3, instance:script.ValidSignin@29774679]" name="testValidSignin" duration-ms="3970" started-at="2020-05-26T09:00:02Z" finished-at="2020-05-26T09:00:06Z">
          <reporter-output>
          </reporter-output>
        </test-method> <!-- testValidSignin -->
        <test-method status="PASS" signature="screenshot(org.testng.ITestResult)[pri:0, instance:script.ValidSignin@29774679]" name="screenshot" is-config="true" duration-ms="0" started-at="2020-05-26T09:00:06Z" finished-at="2020-05-26T09:00:06Z">
          <params>
            <param index="0">
              <value>
                <![CDATA[[TestResult name=testValidSignin status=SUCCESS method=ValidSignin.testValidSignin()[pri:3, instance:script.ValidSignin@29774679] output={null}]]]>
              </value>
            </param>
          </params>
          <reporter-output>
            <line>
              <![CDATA[Test testValidSignin is PASS]]>
            </line>
          </reporter-output>
        </test-method> <!-- screenshot -->
        <test-method status="PASS" signature="closeApp()[pri:0, instance:script.ValidSignin@29774679]" name="closeApp" is-config="true" duration-ms="749" started-at="2020-05-26T09:00:53Z" finished-at="2020-05-26T09:00:54Z">
          <reporter-output>
          </reporter-output>
        </test-method> <!-- closeApp -->
      </class> <!-- script.ValidSignin -->
      <class name="script.ValidBookFlight">
        <test-method status="PASS" signature="testValidBookFlight()[pri:6, instance:script.ValidBookFlight@3532ec19]" name="testValidBookFlight" duration-ms="5764" started-at="2020-05-26T09:00:10Z" finished-at="2020-05-26T09:00:15Z">
          <reporter-output>
          </reporter-output>
        </test-method> <!-- testValidBookFlight -->
        <test-method status="PASS" signature="screenshot(org.testng.ITestResult)[pri:0, instance:script.ValidBookFlight@3532ec19]" name="screenshot" is-config="true" duration-ms="0" started-at="2020-05-26T09:00:15Z" finished-at="2020-05-26T09:00:15Z">
          <params>
            <param index="0">
              <value>
                <![CDATA[[TestResult name=testValidBookFlight status=SUCCESS method=ValidBookFlight.testValidBookFlight()[pri:6, instance:script.ValidBookFlight@3532ec19] output={null}]]]>
              </value>
            </param>
          </params>
          <reporter-output>
            <line>
              <![CDATA[Test testValidBookFlight is PASS]]>
            </line>
          </reporter-output>
        </test-method> <!-- screenshot -->
      </class> <!-- script.ValidBookFlight -->
      <class name="script.ValidFindFlight">
        <test-method status="PASS" signature="testValidFindFlight()[pri:4, instance:script.ValidFindFlight@26653222]" name="testValidFindFlight" duration-ms="2237" started-at="2020-05-26T09:00:06Z" finished-at="2020-05-26T09:00:08Z">
          <reporter-output>
          </reporter-output>
        </test-method> <!-- testValidFindFlight -->
        <test-method status="PASS" signature="screenshot(org.testng.ITestResult)[pri:0, instance:script.ValidFindFlight@26653222]" name="screenshot" is-config="true" duration-ms="0" started-at="2020-05-26T09:00:08Z" finished-at="2020-05-26T09:00:08Z">
          <params>
            <param index="0">
              <value>
                <![CDATA[[TestResult name=testValidFindFlight status=SUCCESS method=ValidFindFlight.testValidFindFlight()[pri:4, instance:script.ValidFindFlight@26653222] output={null}]]]>
              </value>
            </param>
          </params>
          <reporter-output>
            <line>
              <![CDATA[Test testValidFindFlight is PASS]]>
            </line>
          </reporter-output>
        </test-method> <!-- screenshot -->
      </class> <!-- script.ValidFindFlight -->
      <class name="script.ValidSelectFlight">
        <test-method status="PASS" signature="testValidSelectFlight()[pri:5, instance:script.ValidSelectFlight@3ffc5af1]" name="testValidSelectFlight" duration-ms="1706" started-at="2020-05-26T09:00:08Z" finished-at="2020-05-26T09:00:10Z">
          <reporter-output>
          </reporter-output>
        </test-method> <!-- testValidSelectFlight -->
        <test-method status="PASS" signature="screenshot(org.testng.ITestResult)[pri:0, instance:script.ValidSelectFlight@3ffc5af1]" name="screenshot" is-config="true" duration-ms="1" started-at="2020-05-26T09:00:10Z" finished-at="2020-05-26T09:00:10Z">
          <params>
            <param index="0">
              <value>
                <![CDATA[[TestResult name=testValidSelectFlight status=SUCCESS method=ValidSelectFlight.testValidSelectFlight()[pri:5, instance:script.ValidSelectFlight@3ffc5af1] output={null}]]]>
              </value>
            </param>
          </params>
          <reporter-output>
            <line>
              <![CDATA[Test testValidSelectFlight is PASS]]>
            </line>
          </reporter-output>
        </test-method> <!-- screenshot -->
      </class> <!-- script.ValidSelectFlight -->
      <class name="script.ValidFlightConfirmation">
        <test-method status="PASS" signature="testValidFlightConfirm()[pri:7, instance:script.ValidFlightConfirmation@68c4039c]" name="testValidFlightConfirm" duration-ms="37879" started-at="2020-05-26T09:00:15Z" finished-at="2020-05-26T09:00:53Z">
          <reporter-output>
          </reporter-output>
        </test-method> <!-- testValidFlightConfirm -->
        <test-method status="PASS" signature="screenshot(org.testng.ITestResult)[pri:0, instance:script.ValidFlightConfirmation@68c4039c]" name="screenshot" is-config="true" duration-ms="0" started-at="2020-05-26T09:00:53Z" finished-at="2020-05-26T09:00:53Z">
          <params>
            <param index="0">
              <value>
                <![CDATA[[TestResult name=testValidFlightConfirm status=SUCCESS method=ValidFlightConfirmation.testValidFlightConfirm()[pri:7, instance:script.ValidFlightConfirmation@68c4039c] output={null}]]]>
              </value>
            </param>
          </params>
          <reporter-output>
            <line>
              <![CDATA[Test testValidFlightConfirm is PASS]]>
            </line>
          </reporter-output>
        </test-method> <!-- screenshot -->
      </class> <!-- script.ValidFlightConfirmation -->
      <class name="script.ValidRegister">
        <test-method status="PASS" signature="testValidRegister()[pri:1, instance:script.ValidRegister@5e5792a0]" name="testValidRegister" duration-ms="11038" started-at="2020-05-26T08:59:51Z" finished-at="2020-05-26T09:00:02Z">
          <reporter-output>
          </reporter-output>
        </test-method> <!-- testValidRegister -->
        <test-method status="PASS" signature="screenshot(org.testng.ITestResult)[pri:0, instance:script.ValidRegister@5e5792a0]" name="screenshot" is-config="true" duration-ms="2" started-at="2020-05-26T09:00:02Z" finished-at="2020-05-26T09:00:02Z">
          <params>
            <param index="0">
              <value>
                <![CDATA[[TestResult name=testValidRegister status=SUCCESS method=ValidRegister.testValidRegister()[pri:1, instance:script.ValidRegister@5e5792a0] output={null}]]]>
              </value>
            </param>
          </params>
          <reporter-output>
            <line>
              <![CDATA[Test testValidRegister is PASS]]>
            </line>
          </reporter-output>
        </test-method> <!-- screenshot -->
      </class> <!-- script.ValidRegister -->
    </test> <!-- Test1 -->
    <test name="Test2" duration-ms="17880" started-at="2020-05-26T09:00:55Z" finished-at="2020-05-26T09:01:12Z">
      <class name="script.InvalidRegister">
        <test-method status="PASS" signature="openApp()[pri:0, instance:script.InvalidRegister@464bee09]" name="openApp" is-config="true" duration-ms="9930" started-at="2020-05-26T09:00:55Z" finished-at="2020-05-26T09:01:04Z">
          <reporter-output>
          </reporter-output>
        </test-method> <!-- openApp -->
        <test-method status="FAIL" signature="testInvalidRegister()[pri:0, instance:script.InvalidRegister@464bee09]" name="testInvalidRegister" duration-ms="6744" started-at="2020-05-26T09:01:04Z" finished-at="2020-05-26T09:01:11Z">
          <exception class="java.lang.AssertionError">
            <message>
              <![CDATA[expected [false] but found [true]]]>
            </message>
            <full-stacktrace>
              <![CDATA[java.lang.AssertionError: expected [false] but found [true]
at org.testng.Assert.fail(Assert.java:96)
at org.testng.Assert.failNotEquals(Assert.java:776)
at org.testng.Assert.assertEqualsImpl(Assert.java:137)
at org.testng.Assert.assertEquals(Assert.java:118)
at org.testng.Assert.assertEquals(Assert.java:568)
at org.testng.Assert.assertEquals(Assert.java:578)
at script.InvalidRegister.testInvalidRegister(InvalidRegister.java:18)
at sun.reflect.NativeMethodAccessorImpl.invoke0(Native Method)
at sun.reflect.NativeMethodAccessorImpl.invoke(Unknown Source)
at sun.reflect.DelegatingMethodAccessorImpl.invoke(Unknown Source)
at java.lang.reflect.Method.invoke(Unknown Source)
at org.testng.internal.MethodInvocationHelper.invokeMethod(MethodInvocationHelper.java:124)
at org.testng.internal.Invoker.invokeMethod(Invoker.java:580)
at org.testng.internal.Invoker.invokeTestMethod(Invoker.java:716)
at org.testng.internal.Invoker.invokeTestMethods(Invoker.java:988)
at org.testng.internal.TestMethodWorker.invokeTestMethods(TestMethodWorker.java:125)
at org.testng.internal.TestMethodWorker.run(TestMethodWorker.java:109)
at org.testng.TestRunner.privateRun(TestRunner.java:648)
at org.testng.TestRunner.run(TestRunner.java:505)
at org.testng.SuiteRunner.runTest(SuiteRunner.java:455)
at org.testng.SuiteRunner.runSequentially(SuiteRunner.java:450)
at org.testng.SuiteRunner.privateRun(SuiteRunner.java:415)
at org.testng.SuiteRunner.run(SuiteRunner.java:364)
at org.testng.SuiteRunnerWorker.runSuite(SuiteRunnerWorker.java:52)
at org.testng.SuiteRunnerWorker.run(SuiteRunnerWorker.java:84)
at org.testng.TestNG.runSuitesSequentially(TestNG.java:1208)
at org.testng.TestNG.runSuitesLocally(TestNG.java:1137)
at org.testng.TestNG.runSuites(TestNG.java:1049)
at org.testng.TestNG.run(TestNG.java:1017)
at org.testng.remote.AbstractRemoteTestNG.run(AbstractRemoteTestNG.java:114)
at org.testng.remote.RemoteTestNG.initAndRun(RemoteTestNG.java:251)
at org.testng.remote.RemoteTestNG.main(RemoteTestNG.java:77)
]]>
            </full-stacktrace>
          </exception> <!-- java.lang.AssertionError -->
          <reporter-output>
          </reporter-output>
        </test-method> <!-- testInvalidRegister -->
        <test-method status="PASS" signature="screenshot(org.testng.ITestResult)[pri:0, instance:script.InvalidRegister@464bee09]" name="screenshot" is-config="true" duration-ms="884" started-at="2020-05-26T09:01:11Z" finished-at="2020-05-26T09:01:12Z">
          <params>
            <param index="0">
              <value>
                <![CDATA[[TestResult name=testInvalidRegister status=FAILURE method=InvalidRegister.testInvalidRegister()[pri:0, instance:script.InvalidRegister@464bee09] output={null}]]]>
              </value>
            </param>
          </params>
          <reporter-output>
            <line>
              <![CDATA[Test testInvalidRegister is FAIL/SKIP]]>
            </line>
          </reporter-output>
        </test-method> <!-- screenshot -->
        <test-method status="PASS" signature="closeApp()[pri:0, instance:script.InvalidRegister@464bee09]" name="closeApp" is-config="true" duration-ms="230" started-at="2020-05-26T09:01:12Z" finished-at="2020-05-26T09:01:12Z">
          <reporter-output>
          </reporter-output>
        </test-method> <!-- closeApp -->
      </class> <!-- script.InvalidRegister -->
    </test> <!-- Test2 -->
    <test name="Test3" duration-ms="16713" started-at="2020-05-26T09:01:12Z" finished-at="2020-05-26T09:01:29Z">
      <class name="script.InvalidSignin">
        <test-method status="PASS" signature="openApp()[pri:0, instance:script.InvalidSignin@14bf9759]" name="openApp" is-config="true" duration-ms="8601" started-at="2020-05-26T09:01:12Z" finished-at="2020-05-26T09:01:21Z">
          <reporter-output>
          </reporter-output>
        </test-method> <!-- openApp -->
        <test-method status="PASS" signature="testInValidSignin()[pri:0, instance:script.InvalidSignin@14bf9759]" name="testInValidSignin" duration-ms="7965" started-at="2020-05-26T09:01:21Z" finished-at="2020-05-26T09:01:29Z">
          <reporter-output>
            <line>
              <![CDATA[UN:ankushshetty12  PW:]]>
            </line>
            <line>
              <![CDATA[UN:  PW:ashetty12]]>
            </line>
            <line>
              <![CDATA[UN:abcd  PW:1234]]>
            </line>
          </reporter-output>
        </test-method> <!-- testInValidSignin -->
        <test-method status="PASS" signature="screenshot(org.testng.ITestResult)[pri:0, instance:script.InvalidSignin@14bf9759]" name="screenshot" is-config="true" duration-ms="8" started-at="2020-05-26T09:01:29Z" finished-at="2020-05-26T09:01:29Z">
          <params>
            <param index="0">
              <value>
                <![CDATA[[TestResult name=testInValidSignin status=SUCCESS method=InvalidSignin.testInValidSignin()[pri:0, instance:script.InvalidSignin@14bf9759] output=UN:ankushshetty12  PW:]]]>
              </value>
            </param>
          </params>
          <reporter-output>
            <line>
              <![CDATA[Test testInValidSignin is PASS]]>
            </line>
          </reporter-output>
        </test-method> <!-- screenshot -->
        <test-method status="PASS" signature="closeApp()[pri:0, instance:script.InvalidSignin@14bf9759]" name="closeApp" is-config="true" duration-ms="135" started-at="2020-05-26T09:01:29Z" finished-at="2020-05-26T09:01:29Z">
          <reporter-output>
          </reporter-output>
        </test-method> <!-- closeApp -->
      </class> <!-- script.InvalidSignin -->
    </test> <!-- Test3 -->
  </suite> <!-- Suite -->
</testng-results>
